#
# A fatal error has been detected by the Java Runtime Environment:
#
#  EXCEPTION_ACCESS_VIOLATION (0xc0000005) at pc=0x000002040b53b480, pid=5332, tid=11388
#
# JRE version: Java(TM) SE Runtime Environment (21.0.1+12) (build 21.0.1+12-LTS-29)
# Java VM: Java HotSpot(TM) 64-Bit Server VM (21.0.1+12-LTS-29, mixed mode, sharing, tiered, compressed oops, compressed class ptrs, parallel gc, windows-amd64)
# Problematic frame:
# J 6098 c1 org.apache.commons.compress.archivers.zip.StreamCompressor.write([BIII)J (59 bytes) @ 0x000002040b53b480 [0x000002040b53b260+0x0000000000000220]
#
# No core dump will be written. Minidumps are not enabled by default on client versions of Windows
#
# If you would like to submit a bug report, please visit:
#   https://bugreport.java.com/bugreport/crash.jsp
#

---------------  S U M M A R Y ------------

Command Line: -XX:+HeapDumpOnOutOfMemoryError -XX:+UseParallelGC -XX:MaxMetaspaceSize=1g --add-opens=java.base/java.util=ALL-UNNAMED --add-opens=java.base/java.lang=ALL-UNNAMED --add-opens=java.base/java.lang.invoke=ALL-UNNAMED --add-opens=java.prefs/java.util.prefs=ALL-UNNAMED --add-opens=java.base/java.nio.charset=ALL-UNNAMED --add-opens=java.base/java.net=ALL-UNNAMED --add-opens=java.base/java.util.concurrent.atomic=ALL-UNNAMED -Xmx6g -Dfile.encoding=UTF-8 -Duser.country=US -Duser.language=en -Duser.variant -javaagent:C:\Users\USER\.gradle\wrapper\dists\gradle-8.2-bin\bbg7u40eoinfdyxsxr3z4i7ta\gradle-8.2\lib\agents\gradle-instrumentation-agent-8.2.jar org.gradle.launcher.daemon.bootstrap.GradleDaemon 8.2

Host: AMD Ryzen 5 5500U with Radeon Graphics         , 12 cores, 15G,  Windows 11 , 64 bit Build 22621 (10.0.22621.2506)
Time: Wed Nov 29 20:21:58 2023 Malay Peninsula Standard Time elapsed time: 14.046918 seconds (0d 0h 0m 14s)

---------------  T H R E A D  ---------------

Current thread (0x000002046617e5e0):  JavaThread "jar transforms Thread 7"        [_thread_in_Java, id=11388, stack(0x0000002adb600000,0x0000002adb700000) (1024K)]

Stack: [0x0000002adb600000,0x0000002adb700000],  sp=0x0000002adb6fe808,  free space=1018k
Native frames: (J=compiled Java code, j=interpreted, Vv=VM code, C=native code)
C  0x000002040b53b480

The last pc belongs to nmethod (printed below).

siginfo: EXCEPTION_ACCESS_VIOLATION (0xc0000005), writing address 0xffffffffffffffff


Registers:
RAX=0x00000000000004c6, RBX=0x0000000000000110, RCX=0xffffffffffffffff, RDX=0x000000068311ae20
RSP=0x0000002adb6fe808, RBP=0x0000000785864710, RSI=0x000002045f1b8800, RDI=0x000000078587c510
R8 =0x0000000680d92b48, R9 =0x000000068311ae20, R10=0x00000000d01b2569, R11=0x00000204165e0000
R12=0x0000000000000000, R13=0x00000204165e0000, R14=0x00000000003ab6fe, R15=0x000002046617e5e0
RIP=0x000002040b53b480, EFLAGS=0x0000000000010206


Register to memory mapping:

RAX=0x00000000000004c6 is an unknown value
RBX=0x0000000000000110 is an unknown value
RCX=0xffffffffffffffff is an unknown value
RDX=0x000000068311ae20 is an oop: java.lang.String 
{0x000000068311ae20} - klass: 'java/lang/String'
 - string: "$deserializeLambda%d$"
 - ---- fields (total size 3 words):
 - private 'hash' 'I' @12  0 (0x00000000)
 - private final 'coder' 'B' @16  0 (0x00)
 - private 'hashIsZero' 'Z' @17  false (0x00)
 - injected 'flags' 'B' @18  0 (0x00)
 - private final 'value' '[B' @20  [B{0x000000068311ae38} (0xd06235c7)
RSP=0x0000002adb6fe808 is pointing into the stack for thread: 0x000002046617e5e0
RBP=0x0000000785864710 is an oop: org.gradle.internal.classpath.LambdaSerializationTransformer 
{0x0000000785864710} - klass: 'org/gradle/internal/classpath/LambdaSerializationTransformer'
 - ---- fields (total size 4 words):
 - protected final 'api' 'I' @12  589824 (0x00090000)
 - protected 'cv' 'Lorg/objectweb/asm/ClassVisitor;' @16  a 'org/gradle/internal/classpath/InstrumentingBackwardsCompatibilityVisitor'{0x0000000785864730} (0xf0b0c8e6)
 - private 'hasDeserializeLambda' 'Z' @20  false (0x00)
 - private 'isInterface' 'Z' @21  false (0x00)
 - private final 'lambdaFactories' 'Ljava/util/List;' @24  a 'java/util/ArrayList'{0x0000000785864748} (0xf0b0c8e9)
 - private 'className' 'Ljava/lang/String;' @28  "org/gradle/internal/impldep/com/fasterxml/jackson/core/io/schubfach/DoubleToDecimal"{0x00000007858649a0} (0xf0b0c934)
RSI=0x000002045f1b8800 is pointing into metadata
RDI=0x000000078587c510 is an oop: [Ljava.lang.Object; 
{0x000000078587c510} - klass: 'java/lang/Object'[]
 - length: 1
R8 =0x0000000680d92b48 is an oop: java.util.Locale 
{0x0000000680d92b48} - klass: 'java/util/Locale'
 - ---- fields (total size 4 words):
 - private transient 'hashCodeValue' 'I' @12  96636889 (0x05c28fd9)
 - private transient 'baseLocale' 'Lsun/util/locale/BaseLocale;' @16  a 'sun/util/locale/BaseLocale'{0x0000000680d435f8} (0xd01a86bf)
 - private transient 'localeExtensions' 'Lsun/util/locale/LocaleExtensions;' @20  null (0x00000000)
 - private volatile transient 'languageTag' 'Ljava/lang/String;' @24  "en-US"{0x0000000680d92b68} (0xd01b256d)
R9 =0x000000068311ae20 is an oop: java.lang.String 
{0x000000068311ae20} - klass: 'java/lang/String'
 - string: "$deserializeLambda%d$"
 - ---- fields (total size 3 words):
 - private 'hash' 'I' @12  0 (0x00000000)
 - private final 'coder' 'B' @16  0 (0x00)
 - private 'hashIsZero' 'Z' @17  false (0x00)
 - injected 'flags' 'B' @18  0 (0x00)
 - private final 'value' '[B' @20  [B{0x000000068311ae38} (0xd06235c7)
R10=3491439977 is a compressed pointer to object: java.util.Locale 
{0x0000000680d92b48} - klass: 'java/util/Locale'
 - ---- fields (total size 4 words):
 - private transient 'hashCodeValue' 'I' @12  96636889 (0x05c28fd9)
 - private transient 'baseLocale' 'Lsun/util/locale/BaseLocale;' @16  a 'sun/util/locale/BaseLocale'{0x0000000680d435f8} (0xd01a86bf)
 - private transient 'localeExtensions' 'Lsun/util/locale/LocaleExtensions;' @20  null (0x00000000)
 - private volatile transient 'languageTag' 'Ljava/lang/String;' @24  "en-US"{0x0000000680d92b68} (0xd01b256d)
R11=0x00000204165e0000 is an unknown value
R12=0x0 is null
R13=0x00000204165e0000 is an unknown value
R14=0x00000000003ab6fe is an unknown value
R15=0x000002046617e5e0 is a thread

Top of Stack: (sp=0x0000002adb6fe808)
0x0000002adb6fe808:   000002040b5c02f4 000000008587b608
0x0000002adb6fe818:   deaddeaf00000000 0000002a000020ce
0x0000002adb6fe828:   0000002adb6fe848 000000068294a880
0x0000002adb6fe838:   00000204ffffffff 0000000680a401b0
0x0000002adb6fe848:   0000000682ed93d0 000000078587c510
0x0000002adb6fe858:   000000078587c528 0000000680d92b48
0x0000002adb6fe868:   000000078587b5c0 0000000000000000
0x0000002adb6fe878:   00000204128f7798 000000078587b5f0
0x0000002adb6fe888:   000000078587b810 00000007f0b0f6be
0x0000002adb6fe898:   00000204128fc84c 0000000785864710
0x0000002adb6fe8a8:   deaddeaf00000008 00000000f0b0f6be
0x0000002adb6fe8b8:   00000204127dd7fc 0000000785864710
0x0000002adb6fe8c8:   000002040b5c54ac 00000000f0b0f6be
0x0000002adb6fe8d8:   00000204127dd7fc 0000000000000000
0x0000002adb6fe8e8:   0000000785864798 00000000f0b0f6be
0x0000002adb6fe8f8:   0000020412ae6b88 0000000200000001
0x0000002adb6fe908:   00000204127a8b7c 000000078587b5f0
0x0000002adb6fe918:   00000007858646f0 0000000785864798
0x0000002adb6fe928:   00000000000020ac 00000007858647f0
0x0000002adb6fe938:   0000000000000000 000000078587b7f8
0x0000002adb6fe948:   0000000000000000 f0b0f6b800000008
0x0000002adb6fe958:   00000000000020e6 0000000785867038
0x0000002adb6fe968:   0000000785864710 000000078587c528
0x0000002adb6fe978:   00000204165e0000 000000078587c510
0x0000002adb6fe988:   0000000681f5f680 000000078587c4f8
0x0000002adb6fe998:   0000000000000000 000000078587c540
0x0000002adb6fe9a8:   0000000680d92b48 0000000000000000
0x0000002adb6fe9b8:   0000000785867068 0000002c00000000
0x0000002adb6fe9c8:   0000000680f953c8 0000000680f95398
0x0000002adb6fe9d8:   0000000680f18398 0000000785864710
0x0000002adb6fe9e8:   00000204129951e4 0000000680f95398
0x0000002adb6fe9f8:   000002041289cbfc 0000000000000038 

Instructions: (pc=0x000002040b53b480)
0x000002040b53b380:   d0 48 89 5c 24 50 44 89 6c 24 48 44 89 5c 24 34
0x000002040b53b390:   48 89 4c 24 40 66 90 e8 24 07 38 07 0f 1f 84 00
0x000002040b53b3a0:   0c 03 00 00 8b 74 24 30 83 fe 08 49 b8 c8 8d 76
0x000002040b53b3b0:   61 04 02 00 00 49 b9 48 01 00 00 00 00 00 00 0f
0x000002040b53b3c0:   85 0a 00 00 00 49 b9 58 01 00 00 00 00 00 00 4b
0x000002040b53b3d0:   8b 3c 08 48 8d 7f 01 4b 89 3c 08 0f 85 51 00 00
0x000002040b53b3e0:   00 48 8b 54 24 38 49 b8 c8 8d 76 61 04 02 00 00
0x000002040b53b3f0:   49 83 80 68 01 00 00 01 4c 8b 44 24 40 44 8b 4c
0x000002040b53b400:   24 34 8b 7c 24 48 48 8b 54 24 38 0f 1f 40 00 e8
0x000002040b53b410:   cc 44 f1 ff 0f 1f 84 00 84 03 00 01 49 b8 c8 8d
0x000002040b53b420:   76 61 04 02 00 00 41 ff 80 78 01 00 00 e9 ba 00
0x000002040b53b430:   00 00 44 8b 4c 24 34 4c 8b 44 24 40 48 8b 54 24
0x000002040b53b440:   38 48 bf c8 8d 76 61 04 02 00 00 8b 52 08 49 ba
0x000002040b53b450:   00 00 00 28 04 02 00 00 49 03 d2 48 3b 97 a0 01
0x000002040b53b460:   00 00 75 0d 48 83 87 a8 01 00 00 01 e9 60 00 00
0x000002040b53b470:   00 48 3b 97 b0 01 00 00 75 0d 48 83 87 b8 01 00
0x000002040b53b480:   00 01 e9 4a 00 00 00 48 83 bf a0 01 00 00 00 75
0x000002040b53b490:   17 48 89 97 a0 01 00 00 48 c7 87 a8 01 00 00 01
0x000002040b53b4a0:   00 00 00 e9 29 00 00 00 48 83 bf b0 01 00 00 00
0x000002040b53b4b0:   75 17 48 89 97 b0 01 00 00 48 c7 87 b8 01 00 00
0x000002040b53b4c0:   01 00 00 00 e9 08 00 00 00 48 83 87 90 01 00 00
0x000002040b53b4d0:   01 8b 7c 24 48 48 8b 54 24 38 0f 1f 44 00 00 e8
0x000002040b53b4e0:   fc 87 39 07 0f 1f 84 00 54 04 00 02 48 8b 5c 24
0x000002040b53b4f0:   50 8b 7c 24 48 48 8b 54 24 38 48 8b 42 18 48 63
0x000002040b53b500:   ff 48 03 c7 48 89 42 18 48 8b 42 10 48 2b c3 48
0x000002040b53b510:   83 c4 60 5d 49 3b a7 50 04 00 00 0f 87 27 00 00
0x000002040b53b520:   00 c3 49 ba f8 09 d6 60 04 02 00 00 4c 89 54 24
0x000002040b53b530:   08 48 c7 04 24 ff ff ff ff e8 c2 8b ad 06 e9 7f
0x000002040b53b540:   fd ff ff e8 b8 2b ad 06 49 ba 14 b5 53 0b 04 02
0x000002040b53b550:   00 00 4d 89 97 68 04 00 00 e9 a2 95 a2 06 49 8b
0x000002040b53b560:   87 00 05 00 00 49 c7 87 00 05 00 00 00 00 00 00
0x000002040b53b570:   49 c7 87 08 05 00 00 00 00 00 00 48 83 c4 60 5d 


Stack slot to memory mapping:

stack at sp + 0 slots: 0x000002040b5c02f4 is at entry_point+276 in (nmethod*)0x000002040b5bfe90
Compiled method (c1)   14065 6340   !   3       java.util.Formatter::format (284 bytes)
 total in heap  [0x000002040b5bfe90,0x000002040b5c2088] = 8696
 relocation     [0x000002040b5bfff0,0x000002040b5c01d8] = 488
 main code      [0x000002040b5c01e0,0x000002040b5c15c0] = 5088
 stub code      [0x000002040b5c15c0,0x000002040b5c16f8] = 312
 metadata       [0x000002040b5c16f8,0x000002040b5c1708] = 16
 scopes data    [0x000002040b5c1708,0x000002040b5c1a20] = 792
 scopes pcs     [0x000002040b5c1a20,0x000002040b5c1d30] = 784
 dependencies   [0x000002040b5c1d30,0x000002040b5c1d38] = 8
 handler table  [0x000002040b5c1d38,0x000002040b5c2020] = 744
 nul chk table  [0x000002040b5c2020,0x000002040b5c2088] = 104
stack at sp + 1 slots: 0x000000008587b608 is an unknown value
stack at sp + 2 slots: 0xdeaddeaf00000000 is an unknown value
stack at sp + 3 slots: 0x0000002a000020ce is an unknown value
stack at sp + 4 slots: 0x0000002adb6fe848 is pointing into the stack for thread: 0x000002046617e5e0
stack at sp + 5 slots: 0x000000068294a880 is an oop: java.lang.String 
{0x000000068294a880} - klass: 'java/lang/String'
 - string: "org.gradle.internal.classpath.InterceptorDeclaration_JvmBytecodeImpl"
 - ---- fields (total size 3 words):
 - private 'hash' 'I' @12  0 (0x00000000)
 - private final 'coder' 'B' @16  0 (0x00)
 - private 'hashIsZero' 'Z' @17  false (0x00)
 - injected 'flags' 'B' @18  0 (0x00)
 - private final 'value' '[B' @20  [B{0x0000000683056048} (0xd060ac09)
stack at sp + 6 slots: 0x00000204ffffffff is an unknown value
stack at sp + 7 slots: 0x0000000680a401b0 is an oop: java.lang.String 
{0x0000000680a401b0} - klass: 'java/lang/String'
 - string: "org.gradle.internal.classpath"
 - ---- fields (total size 3 words):
 - private 'hash' 'I' @12  -410094039 (0xe78e7629)
 - private final 'coder' 'B' @16  0 (0x00)
 - private 'hashIsZero' 'Z' @17  false (0x00)
 - injected 'flags' 'B' @18  0 (0x00)
 - private final 'value' '[B' @20  [B{0x0000000680a401c8} (0xd0148039)


Compiled method (c1)   14073 6098       3       org.apache.commons.compress.archivers.zip.StreamCompressor::write (59 bytes)
 total in heap  [0x000002040b53b090,0x000002040b53b718] = 1672
 relocation     [0x000002040b53b1f0,0x000002040b53b258] = 104
 main code      [0x000002040b53b260,0x000002040b53b588] = 808
 stub code      [0x000002040b53b588,0x000002040b53b5f0] = 104
 oops           [0x000002040b53b5f0,0x000002040b53b5f8] = 8
 metadata       [0x000002040b53b5f8,0x000002040b53b620] = 40
 scopes data    [0x000002040b53b620,0x000002040b53b688] = 104
 scopes pcs     [0x000002040b53b688,0x000002040b53b6f8] = 112
 dependencies   [0x000002040b53b6f8,0x000002040b53b708] = 16
 nul chk table  [0x000002040b53b708,0x000002040b53b718] = 16

[Constant Pool (empty)]

[MachCode]
[Entry Point]
  # {method} {0x0000020460d60a00} 'write' '([BIII)J' in 'org/apache/commons/compress/archivers/zip/StreamCompressor'
  # this:     rdx:rdx   = 'org/apache/commons/compress/archivers/zip/StreamCompressor'
  # parm0:    r8:r8     = '[B'
  # parm1:    r9        = int
  # parm2:    rdi       = int
  # parm3:    rsi       = int
  #           [sp+0x70]  (sp of caller)
  0x000002040b53b260: 448b 5208 | 49bb 0000 | 0028 0402 | 0000 4d03 | d34c 3bd0 

  0x000002040b53b274: ;   {runtime_call ic_miss_stub}
  0x000002040b53b274: 0f85 0632 | a206 660f | 1f44 0000 
[Verified Entry Point]
  0x000002040b53b280: 8984 2400 | 80ff ff55 | 4883 ec60 | 4181 7f20 | 0300 0000 

  0x000002040b53b294: ;   {runtime_call StubRoutines (final stubs)}
  0x000002040b53b294: 7405 e845 

  0x000002040b53b298: ;   {metadata(method data for {method} {0x0000020460d60a00} 'write' '([BIII)J' in 'org/apache/commons/compress/archivers/zip/StreamCompressor')}
  0x000002040b53b298: d7a0 0648 | bbc8 8d76 | 6104 0200 | 008b 83cc | 0000 0083 | c002 8983 | cc00 0000 | 25fe 0700 
  0x000002040b53b2b8: 0083 f800 | 0f84 6002 | 0000 8974 | 2430 488b | 5a10 8b42 | 2848 c1e0 | 0348 3b00 

  0x000002040b53b2d4: ;   {metadata(method data for {method} {0x0000020460d60a00} 'write' '([BIII)J' in 'org/apache/commons/compress/archivers/zip/StreamCompressor')}
  0x000002040b53b2d4: 488b c849 | bbc8 8d76 | 6104 0200 | 008b 4908 | 49ba 0000 | 0028 0402 | 0000 4903 | ca49 3b8b 
  0x000002040b53b2f4: 2001 0000 | 750d 4983 | 8328 0100 | 0001 e960 | 0000 0049 | 3b8b 3001 | 0000 750d | 4983 8338 
  0x000002040b53b314: 0100 0001 | e94a 0000 | 0049 83bb | 2001 0000 | 0075 1749 | 898b 2001 | 0000 49c7 | 8328 0100 
  0x000002040b53b334: 0001 0000 | 00e9 2900 | 0000 4983 | bb30 0100 | 0000 7517 | 4989 8b30 | 0100 0049 | c783 3801 
  0x000002040b53b354: 0000 0100 | 0000 e908 | 0000 0049 | 8383 1001 | 0000 0149 | 8bc8 4c8b | c14d 8bd9 | 4d8b cb4c 
  0x000002040b53b374: 8bef 498b | fd48 8954 | 2438 488b | d048 895c | 2450 4489 | 6c24 4844 | 895c 2434 | 4889 4c24 
  0x000002040b53b394: ;   {optimized virtual_call}
  0x000002040b53b394: 4066 90e8 

  0x000002040b53b398: ; ImmutableOopMap {[56]=Oop [64]=Oop }
                      ;*invokevirtual update {reexecute=0 rethrow=0 return_oop=0}
                      ; - org.apache.commons.compress.archivers.zip.StreamCompressor::write@13 (line 203)
  0x000002040b53b398: 2407 3807 

  0x000002040b53b39c: ;   {other}
  0x000002040b53b39c: 0f1f 8400 | 0c03 0000 | 8b74 2430 

  0x000002040b53b3a8: ;   {metadata(method data for {method} {0x0000020460d60a00} 'write' '([BIII)J' in 'org/apache/commons/compress/archivers/zip/StreamCompressor')}
  0x000002040b53b3a8: 83fe 0849 | b8c8 8d76 | 6104 0200 | 0049 b948 | 0100 0000 | 0000 000f | 850a 0000 | 0049 b958 
  0x000002040b53b3c8: 0100 0000 | 0000 004b | 8b3c 0848 | 8d7f 014b | 893c 080f | 8551 0000 | 0048 8b54 

  0x000002040b53b3e4: ;   {metadata(method data for {method} {0x0000020460d60a00} 'write' '([BIII)J' in 'org/apache/commons/compress/archivers/zip/StreamCompressor')}
  0x000002040b53b3e4: 2438 49b8 | c88d 7661 | 0402 0000 | 4983 8068 | 0100 0001 | 4c8b 4424 | 4044 8b4c | 2434 8b7c 
  0x000002040b53b404: 2448 488b | 5424 380f 

  0x000002040b53b40c: ;   {optimized virtual_call}
  0x000002040b53b40c: 1f40 00e8 

  0x000002040b53b410: ; ImmutableOopMap {[56]=Oop }
                      ;*invokespecial writeDeflated {reexecute=0 rethrow=0 return_oop=0}
                      ; - org.apache.commons.compress.archivers.zip.StreamCompressor::write@27 (line 205)
  0x000002040b53b410: cc44 f1ff 

  0x000002040b53b414: ;   {other}
  0x000002040b53b414: 0f1f 8400 | 8403 0001 

  0x000002040b53b41c: ;   {metadata(method data for {method} {0x0000020460d60a00} 'write' '([BIII)J' in 'org/apache/commons/compress/archivers/zip/StreamCompressor')}
  0x000002040b53b41c: 49b8 c88d | 7661 0402 | 0000 41ff | 8078 0100 | 00e9 ba00 | 0000 448b | 4c24 344c | 8b44 2440 
  0x000002040b53b43c: 488b 5424 

  0x000002040b53b440: ;   {metadata(method data for {method} {0x0000020460d60a00} 'write' '([BIII)J' in 'org/apache/commons/compress/archivers/zip/StreamCompressor')}
  0x000002040b53b440: 3848 bfc8 | 8d76 6104 | 0200 008b | 5208 49ba | 0000 0028 | 0402 0000 | 4903 d248 | 3b97 a001 
  0x000002040b53b460: 0000 750d | 4883 87a8 | 0100 0001 | e960 0000 | 0048 3b97 | b001 0000 | 750d 4883 | 87b8 0100 
  0x000002040b53b480: 0001 e94a | 0000 0048 | 83bf a001 | 0000 0075 | 1748 8997 | a001 0000 | 48c7 87a8 | 0100 0001 
  0x000002040b53b4a0: 0000 00e9 | 2900 0000 | 4883 bfb0 | 0100 0000 | 7517 4889 | 97b0 0100 | 0048 c787 | b801 0000 
  0x000002040b53b4c0: 0100 0000 | e908 0000 | 0048 8387 | 9001 0000 | 018b 7c24 | 4848 8b54 | 2438 0f1f 

  0x000002040b53b4dc: ;   {optimized virtual_call}
  0x000002040b53b4dc: 4400 00e8 

  0x000002040b53b4e0: ; ImmutableOopMap {[56]=Oop }
                      ;*invokevirtual writeCounted {reexecute=0 rethrow=0 return_oop=0}
                      ; - org.apache.commons.compress.archivers.zip.StreamCompressor::write@37 (line 207)
  0x000002040b53b4e0: fc87 3907 

  0x000002040b53b4e4: ;   {other}
  0x000002040b53b4e4: 0f1f 8400 | 5404 0002 | 488b 5c24 | 508b 7c24 | 4848 8b54 | 2438 488b | 4218 4863 | ff48 03c7 
  0x000002040b53b504: 4889 4218 | 488b 4210 | 482b c348 | 83c4 605d 

  0x000002040b53b514: ;   {poll_return}
  0x000002040b53b514: 493b a750 | 0400 000f | 8727 0000 

  0x000002040b53b520: ;   {metadata({method} {0x0000020460d60a00} 'write' '([BIII)J' in 'org/apache/commons/compress/archivers/zip/StreamCompressor')}
  0x000002040b53b520: 00c3 49ba | f809 d660 | 0402 0000 | 4c89 5424 | 0848 c704 | 24ff ffff 

  0x000002040b53b538: ;   {runtime_call counter_overflow Runtime1 stub}
  0x000002040b53b538: ffe8 c28b 

  0x000002040b53b53c: ; ImmutableOopMap {rdx=Oop r8=Oop }
                      ;*synchronization entry
                      ; - org.apache.commons.compress.archivers.zip.StreamCompressor::write@-1 (line 202)
  0x000002040b53b53c: ad06 e97f 

  0x000002040b53b540: ;   {runtime_call throw_null_pointer_exception Runtime1 stub}
  0x000002040b53b540: fdff ffe8 

  0x000002040b53b544: ; ImmutableOopMap {rdx=Oop r8=Oop rax=Oop }
                      ;*invokevirtual update {reexecute=0 rethrow=0 return_oop=0}
                      ; - org.apache.commons.compress.archivers.zip.StreamCompressor::write@13 (line 203)
  0x000002040b53b544: b82b ad06 

  0x000002040b53b548: ;   {internal_word}
  0x000002040b53b548: 49ba 14b5 | 530b 0402 | 0000 4d89 | 9768 0400 

  0x000002040b53b558: ;   {runtime_call SafepointBlob}
  0x000002040b53b558: 00e9 a295 | a206 498b | 8700 0500 | 0049 c787 | 0005 0000 | 0000 0000 | 49c7 8708 | 0500 0000 
  0x000002040b53b578: 0000 0048 | 83c4 605d 

  0x000002040b53b580: ;   {runtime_call unwind_exception Runtime1 stub}
  0x000002040b53b580: e97b 1cad | 06f4 f4f4 
[Stub Code]
  0x000002040b53b588: ;   {no_reloc}
  0x000002040b53b588: 0f1f 4400 

  0x000002040b53b58c: ;   {static_stub}
  0x000002040b53b58c: 0048 bb00 | 0000 0000 

  0x000002040b53b594: ;   {runtime_call}
  0x000002040b53b594: 0000 00e9 | fbff ffff 

  0x000002040b53b59c: ;   {static_stub}
  0x000002040b53b59c: 9048 bb00 | 0000 0000 

  0x000002040b53b5a4: ;   {runtime_call}
  0x000002040b53b5a4: 0000 00e9 | fbff ffff 

  0x000002040b53b5ac: ;   {static_stub}
  0x000002040b53b5ac: 48bb 0000 | 0000 0000 

  0x000002040b53b5b4: ;   {runtime_call}
  0x000002040b53b5b4: 0000 e9fb 

  0x000002040b53b5b8: ;   {runtime_call handle_exception_from_callee Runtime1 stub}
  0x000002040b53b5b8: ffff ffe8 | 4055 ad06 

  0x000002040b53b5c0: ;   {external_word}
  0x000002040b53b5c0: 48b9 0028 | 9aa4 fe7f | 0000 4883 

  0x000002040b53b5cc: ;   {runtime_call}
  0x000002040b53b5cc: e4f0 48b8 | e00f 62a4 | fe7f 0000 

  0x000002040b53b5d8: ;   {section_word}
  0x000002040b53b5d8: ffd0 f449 | badb b553 | 0b04 0200 

  0x000002040b53b5e4: ;   {runtime_call DeoptimizationBlob}
  0x000002040b53b5e4: 0041 52e9 | b487 a206 | f4f4 f4f4 
[/MachCode]


---------------  P R O C E S S  ---------------

Threads class SMR info:
_java_thread_list=0x0000020465074050, length=46, elements={
0x0000020400450df0, 0x00000204021d3040, 0x00000204021d4110, 0x00000204021d6dc0,
0x00000204021d9210, 0x00000204021d9f30, 0x00000204021d84f0, 0x000002045e8778a0,
0x000002045e87bbf0, 0x00000204021d7e60, 0x00000204021db2e0, 0x00000204021d98a0,
0x00000204021dac50, 0x00000204021da5c0, 0x00000204646299c0, 0x000002046462a050,
0x000002046462ba90, 0x000002046462a6e0, 0x0000020464628610, 0x000002046462ad70,
0x00000204646278f0, 0x000002046462b400, 0x0000020464628ca0, 0x000002046462c120,
0x000002046462ce40, 0x0000020464627f80, 0x000002046462d4d0, 0x000002046462e1f0,
0x000002046462db60, 0x000002046462e880, 0x000002046462ef10, 0x000002046617be80,
0x000002046617e5e0, 0x000002046617ec70, 0x000002046617aad0, 0x000002046617b160,
0x000002046617cba0, 0x0000020466178370, 0x0000020466178a00, 0x0000020466177ce0,
0x0000020466179720, 0x000002046617c510, 0x000002046617f300, 0x000002046617d230,
0x000002046506e0b0, 0x00000204653bce70
}

Java Threads: ( => current thread )
  0x0000020400450df0 JavaThread "main"                              [_thread_blocked, id=9212, stack(0x0000002ad8a00000,0x0000002ad8b00000) (1024K)]
  0x00000204021d3040 JavaThread "Reference Handler"          daemon [_thread_blocked, id=8820, stack(0x0000002ad8e00000,0x0000002ad8f00000) (1024K)]
  0x00000204021d4110 JavaThread "Finalizer"                  daemon [_thread_blocked, id=3840, stack(0x0000002ad8f00000,0x0000002ad9000000) (1024K)]
  0x00000204021d6dc0 JavaThread "Signal Dispatcher"          daemon [_thread_blocked, id=2904, stack(0x0000002ad9000000,0x0000002ad9100000) (1024K)]
  0x00000204021d9210 JavaThread "Attach Listener"            daemon [_thread_blocked, id=2908, stack(0x0000002ad9100000,0x0000002ad9200000) (1024K)]
  0x00000204021d9f30 JavaThread "Service Thread"             daemon [_thread_blocked, id=3396, stack(0x0000002ad9200000,0x0000002ad9300000) (1024K)]
  0x00000204021d84f0 JavaThread "Monitor Deflation Thread"   daemon [_thread_blocked, id=1248, stack(0x0000002ad9300000,0x0000002ad9400000) (1024K)]
  0x000002045e8778a0 JavaThread "C2 CompilerThread0"         daemon [_thread_blocked, id=8952, stack(0x0000002ad9400000,0x0000002ad9500000) (1024K)]
  0x000002045e87bbf0 JavaThread "C1 CompilerThread0"         daemon [_thread_blocked, id=4008, stack(0x0000002ad9500000,0x0000002ad9600000) (1024K)]
  0x00000204021d7e60 JavaThread "Common-Cleaner"             daemon [_thread_blocked, id=12392, stack(0x0000002ad9600000,0x0000002ad9700000) (1024K)]
  0x00000204021db2e0 JavaThread "Notification Thread"        daemon [_thread_blocked, id=12368, stack(0x0000002ad9700000,0x0000002ad9800000) (1024K)]
  0x00000204021d98a0 JavaThread "Daemon health stats"               [_thread_blocked, id=1636, stack(0x0000002ad9d00000,0x0000002ad9e00000) (1024K)]
  0x00000204021dac50 JavaThread "Incoming local TCP Connector on port 49781"        [_thread_in_native, id=3868, stack(0x0000002ad9e00000,0x0000002ad9f00000) (1024K)]
  0x00000204021da5c0 JavaThread "Daemon periodic checks"            [_thread_blocked, id=3000, stack(0x0000002ad9f00000,0x0000002ada000000) (1024K)]
  0x00000204646299c0 JavaThread "Daemon"                            [_thread_blocked, id=12576, stack(0x0000002ada000000,0x0000002ada100000) (1024K)]
  0x000002046462a050 JavaThread "Handler for socket connection from /127.0.0.1:49781 to /127.0.0.1:49782"        [_thread_in_native, id=1168, stack(0x0000002ada100000,0x0000002ada200000) (1024K)]
  0x000002046462ba90 JavaThread "Cancel handler"                    [_thread_blocked, id=3544, stack(0x0000002ada200000,0x0000002ada300000) (1024K)]
  0x000002046462a6e0 JavaThread "Daemon worker"                     [_thread_blocked, id=2576, stack(0x0000002ada300000,0x0000002ada400000) (1024K)]
  0x0000020464628610 JavaThread "Asynchronous log dispatcher for DefaultDaemonConnection: socket connection from /127.0.0.1:49781 to /127.0.0.1:49782"        [_thread_blocked, id=2092, stack(0x0000002ada400000,0x0000002ada500000) (1024K)]
  0x000002046462ad70 JavaThread "Stdin handler"                     [_thread_blocked, id=10096, stack(0x0000002ada500000,0x0000002ada600000) (1024K)]
  0x00000204646278f0 JavaThread "Daemon client event forwarder"        [_thread_blocked, id=1648, stack(0x0000002ada600000,0x0000002ada700000) (1024K)]
  0x000002046462b400 JavaThread "Cache worker for journal cache (C:\Users\USER\.gradle\caches\journal-1)"        [_thread_blocked, id=1764, stack(0x0000002ada700000,0x0000002ada800000) (1024K)]
  0x0000020464628ca0 JavaThread "File lock request listener"        [_thread_in_native, id=1896, stack(0x0000002ada800000,0x0000002ada900000) (1024K)]
  0x000002046462c120 JavaThread "Cache worker for file hash cache (C:\Users\USER\.gradle\caches\8.2\fileHashes)"        [_thread_blocked, id=2836, stack(0x0000002adae00000,0x0000002adaf00000) (1024K)]
  0x000002046462ce40 JavaThread "File watcher server"        daemon [_thread_in_native, id=2852, stack(0x0000002adb000000,0x0000002adb100000) (1024K)]
  0x0000020464627f80 JavaThread "File watcher consumer"      daemon [_thread_blocked, id=2280, stack(0x0000002adb100000,0x0000002adb200000) (1024K)]
  0x000002046462d4d0 JavaThread "jar transforms"                    [_thread_blocked, id=2284, stack(0x0000002ad9800000,0x0000002ad9900000) (1024K)]
  0x000002046462e1f0 JavaThread "jar transforms Thread 2"           [_thread_blocked, id=1264, stack(0x0000002adaf00000,0x0000002adb000000) (1024K)]
  0x000002046462db60 JavaThread "jar transforms Thread 3"           [_thread_blocked, id=5516, stack(0x0000002adb200000,0x0000002adb300000) (1024K)]
  0x000002046462e880 JavaThread "jar transforms Thread 4"           [_thread_blocked, id=11148, stack(0x0000002adb300000,0x0000002adb400000) (1024K)]
  0x000002046462ef10 JavaThread "jar transforms Thread 5"           [_thread_blocked, id=2756, stack(0x0000002adb400000,0x0000002adb500000) (1024K)]
  0x000002046617be80 JavaThread "jar transforms Thread 6"           [_thread_blocked, id=6268, stack(0x0000002adb500000,0x0000002adb600000) (1024K)]
=>0x000002046617e5e0 JavaThread "jar transforms Thread 7"           [_thread_in_Java, id=11388, stack(0x0000002adb600000,0x0000002adb700000) (1024K)]
  0x000002046617ec70 JavaThread "jar transforms Thread 8"           [_thread_blocked, id=6240, stack(0x0000002adb700000,0x0000002adb800000) (1024K)]
  0x000002046617aad0 JavaThread "jar transforms Thread 9"           [_thread_blocked, id=6200, stack(0x0000002adb800000,0x0000002adb900000) (1024K)]
  0x000002046617b160 JavaThread "jar transforms Thread 10"          [_thread_blocked, id=12548, stack(0x0000002adb900000,0x0000002adba00000) (1024K)]
  0x000002046617cba0 JavaThread "jar transforms Thread 11"          [_thread_blocked, id=2592, stack(0x0000002adba00000,0x0000002adbb00000) (1024K)]
  0x0000020466178370 JavaThread "jar transforms Thread 12"          [_thread_blocked, id=2252, stack(0x0000002adbb00000,0x0000002adbc00000) (1024K)]
  0x0000020466178a00 JavaThread "Cache worker for checksums cache (D:\coding\github\Learnyscape\.gradle\8.2\checksums)"        [_thread_blocked, id=12652, stack(0x0000002adbe00000,0x0000002adbf00000) (1024K)]
  0x0000020466177ce0 JavaThread "Cache worker for cache directory md-rule (C:\Users\USER\.gradle\caches\8.2\md-rule)"        [_thread_blocked, id=2556, stack(0x0000002adbf00000,0x0000002adc000000) (1024K)]
  0x0000020466179720 JavaThread "Cache worker for file content cache (C:\Users\USER\.gradle\caches\8.2\fileContent)"        [_thread_blocked, id=2588, stack(0x0000002adc000000,0x0000002adc100000) (1024K)]
  0x000002046617c510 JavaThread "Cache worker for file hash cache (D:\coding\github\Learnyscape\.gradle\8.2\fileHashes)"        [_thread_blocked, id=2596, stack(0x0000002adbd00000,0x0000002adbe00000) (1024K)]
  0x000002046617f300 JavaThread "Cache worker for cache directory md-supplier (C:\Users\USER\.gradle\caches\8.2\md-supplier)"        [_thread_blocked, id=2608, stack(0x0000002adc100000,0x0000002adc200000) (1024K)]
  0x000002046617d230 JavaThread "Cache worker for execution history cache (C:\Users\USER\.gradle\caches\8.2\executionHistory)"        [_thread_blocked, id=2492, stack(0x0000002adc200000,0x0000002adc300000) (1024K)]
  0x000002046506e0b0 JavaThread "C2 CompilerThread1"         daemon [_thread_in_native, id=5288, stack(0x0000002adbc00000,0x0000002adbd00000) (1024K)]
  0x00000204653bce70 JavaThread "C2 CompilerThread2"         daemon [_thread_blocked, id=3648, stack(0x0000002adc300000,0x0000002adc400000) (1024K)]
Total: 46

Other Threads:
  0x000002040051eaa0 VMThread "VM Thread"                           [id=12792, stack(0x0000002ad8d00000,0x0000002ad8e00000) (1024K)]
  0x00000204025e9b20 WatcherThread "VM Periodic Task Thread"        [id=6328, stack(0x0000002ad8c00000,0x0000002ad8d00000) (1024K)]
  0x000002040259ce10 WorkerThread "GC Thread#0"                     [id=8500, stack(0x0000002ad8b00000,0x0000002ad8c00000) (1024K)]
  0x0000020463d40ce0 WorkerThread "GC Thread#1"                     [id=8508, stack(0x0000002ad9900000,0x0000002ad9a00000) (1024K)]
  0x0000020463d41080 WorkerThread "GC Thread#2"                     [id=12580, stack(0x0000002ad9a00000,0x0000002ad9b00000) (1024K)]
  0x00000204642b94e0 WorkerThread "GC Thread#3"                     [id=12956, stack(0x0000002ad9b00000,0x0000002ad9c00000) (1024K)]
  0x00000204642b9880 WorkerThread "GC Thread#4"                     [id=3676, stack(0x0000002ad9c00000,0x0000002ad9d00000) (1024K)]
  0x0000020464711600 WorkerThread "GC Thread#5"                     [id=1892, stack(0x0000002ada900000,0x0000002adaa00000) (1024K)]
  0x0000020464712480 WorkerThread "GC Thread#6"                     [id=12892, stack(0x0000002adaa00000,0x0000002adab00000) (1024K)]
  0x0000020464711d40 WorkerThread "GC Thread#7"                     [id=6204, stack(0x0000002adab00000,0x0000002adac00000) (1024K)]
  0x0000020464712820 WorkerThread "GC Thread#8"                     [id=2032, stack(0x0000002adac00000,0x0000002adad00000) (1024K)]
  0x0000020464c65d50 WorkerThread "GC Thread#9"                     [id=6556, stack(0x0000002adad00000,0x0000002adae00000) (1024K)]
Total: 12

Threads with active compile tasks:
C2 CompilerThread1    14084 7255 %     4       org.objectweb.asm.ClassReader::readCode @ 1561 (5109 bytes)
Total: 1

VM state: not at safepoint (normal execution)

VM Mutex/Monitor currently owned by a thread: None

Heap address: 0x0000000680000000, size: 6144 MB, Compressed Oops mode: Zero based, Oop shift amount: 3

CDS archive(s) mapped at: [0x0000020428000000-0x0000020428c90000-0x0000020428c90000), size 13172736, SharedBaseAddress: 0x0000020428000000, ArchiveRelocationMode: 1.
Compressed class space mapped at: 0x0000020429000000-0x000002045d000000, reserved size: 872415232
Narrow klass base: 0x0000020428000000, Narrow klass shift: 0, Narrow klass range: 0x100000000

GC Precious Log:
 CardTable entry size: 512
 CPUs: 12 total, 12 available
 Memory: 15733M
 Large Page Support: Disabled
 NUMA Support: Disabled
 Compressed Oops: Enabled (Zero based)
 Alignments: Space 512K, Generation 512K, Heap 2M
 Heap Min Capacity: 8M
 Heap Initial Capacity: 246M
 Heap Max Capacity: 6G
 Pre-touch: Disabled
 Parallel Workers: 10

Heap:
 PSYoungGen      total 130048K, used 91840K [0x0000000780000000, 0x000000078ac00000, 0x0000000800000000)
  eden space 118784K, 76% used [0x0000000780000000,0x00000007858a4278,0x0000000787400000)
  from space 11264K, 9% used [0x0000000787400000,0x000000078750c010,0x0000000787f00000)
  to   space 10752K, 0% used [0x000000078a180000,0x000000078a180000,0x000000078ac00000)
 ParOldGen       total 167936K, used 71589K [0x0000000680000000, 0x000000068a400000, 0x0000000780000000)
  object space 167936K, 42% used [0x0000000680000000,0x00000006845e9490,0x000000068a400000)
 Metaspace       used 46451K, committed 47808K, reserved 917504K
  class space    used 6485K, committed 7168K, reserved 851968K

Card table byte_map: [0x00000204199e0000,0x000002041a5f0000] _byte_map_base: 0x00000204165e0000

Marking Bits: (ParMarkBitMap*) 0x00007ffea4c3f550
 Begin Bits: [0x000002041adf0000, 0x0000020420df0000)
 End Bits:   [0x0000020420df0000, 0x0000020426df0000)

Polling page: 0x0000020401d50000

Metaspace:

Usage:
  Non-class:     39.03 MB used.
      Class:      6.33 MB used.
       Both:     45.36 MB used.

Virtual space:
  Non-class space:       64.00 MB reserved,      39.69 MB ( 62%) committed,  1 nodes.
      Class space:      832.00 MB reserved,       7.00 MB ( <1%) committed,  1 nodes.
             Both:      896.00 MB reserved,      46.69 MB (  5%) committed. 

Chunk freelists:
   Non-Class:  7.62 MB
       Class:  8.88 MB
        Both:  16.51 MB

MaxMetaspaceSize: 1.00 GB
CompressedClassSpaceSize: 832.00 MB
Initial GC threshold: 21.00 MB
Current GC threshold: 58.38 MB
CDS: on
 - commit_granule_bytes: 65536.
 - commit_granule_words: 8192.
 - virtual_space_node_default_size: 8388608.
 - enlarge_chunks_in_place: 1.
 - use_allocation_guard: 0.


Internal statistics:

num_allocs_failed_limit: 6.
num_arena_births: 2406.
num_arena_deaths: 0.
num_vsnodes_births: 2.
num_vsnodes_deaths: 0.
num_space_committed: 747.
num_space_uncommitted: 0.
num_chunks_returned_to_freelist: 6.
num_chunks_taken_from_freelist: 4408.
num_chunk_merges: 6.
num_chunk_splits: 2905.
num_chunks_enlarged: 1844.
num_inconsistent_stats: 0.

CodeHeap 'non-profiled nmethods': size=120000Kb used=6548Kb max_used=6548Kb free=113451Kb
 bounds [0x00000204124b0000, 0x0000020412b20000, 0x00000204199e0000]
CodeHeap 'profiled nmethods': size=120000Kb used=15124Kb max_used=15124Kb free=104875Kb
 bounds [0x000002040a9e0000, 0x000002040b8b0000, 0x0000020411f10000]
CodeHeap 'non-nmethods': size=5760Kb used=2392Kb max_used=2479Kb free=3367Kb
 bounds [0x0000020411f10000, 0x0000020412180000, 0x00000204124b0000]
 total_blobs=7700 nmethods=6837 adapters=767
 compilation: enabled
              stopped_count=0, restarted_count=0
 full_count=0

Compilation events (20 events):
Event: 13.955 Thread 0x000002045e8778a0 7301       4       org.objectweb.asm.MethodWriter::visitParameterAnnotation (92 bytes)
Event: 13.964 Thread 0x000002045e8778a0 nmethod 7301 0x0000020412b0d310 code [0x0000020412b0d540, 0x0000020412b0df80]
Event: 13.970 Thread 0x00000204653bce70 nmethod 7298 0x0000020412b0e510 code [0x0000020412b0e760, 0x0000020412b0f780]
Event: 13.975 Thread 0x000002045e87bbf0 7302       3       org.objectweb.asm.tree.ClassNode::visitField (31 bytes)
Event: 13.976 Thread 0x000002045e87bbf0 nmethod 7302 0x000002040b8a1a10 code [0x000002040b8a1be0, 0x000002040b8a1e88]
Event: 13.976 Thread 0x000002045e87bbf0 7303       3       org.objectweb.asm.tree.FieldNode::<init> (31 bytes)
Event: 13.976 Thread 0x000002045e87bbf0 nmethod 7303 0x000002040b8a2010 code [0x000002040b8a21e0, 0x000002040b8a25f8]
Event: 13.977 Thread 0x000002045e87bbf0 7304       3       org.objectweb.asm.tree.MethodNode::visitIntInsn (17 bytes)
Event: 13.977 Thread 0x000002045e87bbf0 nmethod 7304 0x000002040b8a2790 code [0x000002040b8a2960, 0x000002040b8a2c48]
Event: 13.983 Thread 0x000002045e8778a0 7305       4       org.objectweb.asm.tree.MethodNode::visitLineNumber (21 bytes)
Event: 13.984 Thread 0x000002045e87bbf0 7306       3       org.objectweb.asm.Type::getTypeInternal (218 bytes)
Event: 13.985 Thread 0x000002045e87bbf0 nmethod 7306 0x000002040b8a2e10 code [0x000002040b8a3160, 0x000002040b8a4360]
Event: 13.986 Thread 0x000002045e8778a0 nmethod 7305 0x0000020412b10690 code [0x0000020412b10840, 0x0000020412b10ba8]
Event: 14.004 Thread 0x000002045e87bbf0 7307       1       java.nio.channels.FileLock::position (5 bytes)
Event: 14.004 Thread 0x000002045e87bbf0 nmethod 7307 0x0000020412b10d90 code [0x0000020412b10f20, 0x0000020412b10fe8]
Event: 14.004 Thread 0x000002045e87bbf0 7308       1       java.nio.channels.FileLock::size (5 bytes)
Event: 14.004 Thread 0x000002045e87bbf0 nmethod 7308 0x0000020412b11090 code [0x0000020412b11220, 0x0000020412b112e8]
Event: 14.026 Thread 0x000002045e87bbf0 7309       3       org.objectweb.asm.MethodWriter::visitAnnotationDefault (29 bytes)
Event: 14.027 Thread 0x000002045e87bbf0 nmethod 7309 0x000002040b8a4990 code [0x000002040b8a4b60, 0x000002040b8a4f20]
Event: 14.027 Thread 0x000002045e8778a0 7310   !   4       org.gradle.internal.classpath.InstrumentingClasspathFileTransformer::lambda$visitEntries$1 (244 bytes)

GC Heap History (20 events):
Event: 11.776 GC heap before
{Heap before GC invocations=24 (full 2):
 PSYoungGen      total 67584K, used 50304K [0x0000000780000000, 0x0000000786600000, 0x0000000800000000)
  eden space 49664K, 100% used [0x0000000780000000,0x0000000783080000,0x0000000783080000)
  from space 17920K, 3% used [0x0000000783080000,0x0000000783120000,0x0000000784200000)
  to   space 17408K, 0% used [0x0000000785500000,0x0000000785500000,0x0000000786600000)
 ParOldGen       total 167936K, used 57217K [0x0000000680000000, 0x000000068a400000, 0x0000000780000000)
  object space 167936K, 34% used [0x0000000680000000,0x00000006837e0648,0x000000068a400000)
 Metaspace       used 45769K, committed 47168K, reserved 917504K
  class space    used 6411K, committed 7104K, reserved 851968K
}
Event: 11.778 GC heap after
{Heap after GC invocations=24 (full 2):
 PSYoungGen      total 84992K, used 704K [0x0000000780000000, 0x0000000786400000, 0x0000000800000000)
  eden space 69632K, 0% used [0x0000000780000000,0x0000000780000000,0x0000000784400000)
  from space 15360K, 4% used [0x0000000785500000,0x00000007855b0000,0x0000000786400000)
  to   space 16384K, 0% used [0x0000000784400000,0x0000000784400000,0x0000000785400000)
 ParOldGen       total 167936K, used 57705K [0x0000000680000000, 0x000000068a400000, 0x0000000780000000)
  object space 167936K, 34% used [0x0000000680000000,0x000000068385a648,0x000000068a400000)
 Metaspace       used 45769K, committed 47168K, reserved 917504K
  class space    used 6411K, committed 7104K, reserved 851968K
}
Event: 11.973 GC heap before
{Heap before GC invocations=25 (full 2):
 PSYoungGen      total 84992K, used 70336K [0x0000000780000000, 0x0000000786400000, 0x0000000800000000)
  eden space 69632K, 100% used [0x0000000780000000,0x0000000784400000,0x0000000784400000)
  from space 15360K, 4% used [0x0000000785500000,0x00000007855b0000,0x0000000786400000)
  to   space 16384K, 0% used [0x0000000784400000,0x0000000784400000,0x0000000785400000)
 ParOldGen       total 167936K, used 57705K [0x0000000680000000, 0x000000068a400000, 0x0000000780000000)
  object space 167936K, 34% used [0x0000000680000000,0x000000068385a648,0x000000068a400000)
 Metaspace       used 45811K, committed 47232K, reserved 917504K
  class space    used 6418K, committed 7104K, reserved 851968K
}
Event: 11.975 GC heap after
{Heap after GC invocations=25 (full 2):
 PSYoungGen      total 86016K, used 904K [0x0000000780000000, 0x0000000787e80000, 0x0000000800000000)
  eden space 69632K, 0% used [0x0000000780000000,0x0000000780000000,0x0000000784400000)
  from space 16384K, 5% used [0x0000000784400000,0x00000007844e2338,0x0000000785400000)
  to   space 15872K, 0% used [0x0000000786f00000,0x0000000786f00000,0x0000000787e80000)
 ParOldGen       total 167936K, used 58217K [0x0000000680000000, 0x000000068a400000, 0x0000000780000000)
  object space 167936K, 34% used [0x0000000680000000,0x00000006838da648,0x000000068a400000)
 Metaspace       used 45811K, committed 47232K, reserved 917504K
  class space    used 6418K, committed 7104K, reserved 851968K
}
Event: 12.155 GC heap before
{Heap before GC invocations=26 (full 2):
 PSYoungGen      total 86016K, used 70536K [0x0000000780000000, 0x0000000787e80000, 0x0000000800000000)
  eden space 69632K, 100% used [0x0000000780000000,0x0000000784400000,0x0000000784400000)
  from space 16384K, 5% used [0x0000000784400000,0x00000007844e2338,0x0000000785400000)
  to   space 15872K, 0% used [0x0000000786f00000,0x0000000786f00000,0x0000000787e80000)
 ParOldGen       total 167936K, used 58217K [0x0000000680000000, 0x000000068a400000, 0x0000000780000000)
  object space 167936K, 34% used [0x0000000680000000,0x00000006838da648,0x000000068a400000)
 Metaspace       used 45811K, committed 47232K, reserved 917504K
  class space    used 6418K, committed 7104K, reserved 851968K
}
Event: 12.157 GC heap after
{Heap after GC invocations=26 (full 2):
 PSYoungGen      total 111616K, used 896K [0x0000000780000000, 0x0000000787c80000, 0x0000000800000000)
  eden space 97792K, 0% used [0x0000000780000000,0x0000000780000000,0x0000000785f80000)
  from space 13824K, 6% used [0x0000000786f00000,0x0000000786fe0000,0x0000000787c80000)
  to   space 14848K, 0% used [0x0000000785f80000,0x0000000785f80000,0x0000000786e00000)
 ParOldGen       total 167936K, used 58849K [0x0000000680000000, 0x000000068a400000, 0x0000000780000000)
  object space 167936K, 35% used [0x0000000680000000,0x0000000683978648,0x000000068a400000)
 Metaspace       used 45811K, committed 47232K, reserved 917504K
  class space    used 6418K, committed 7104K, reserved 851968K
}
Event: 12.451 GC heap before
{Heap before GC invocations=27 (full 2):
 PSYoungGen      total 111616K, used 98688K [0x0000000780000000, 0x0000000787c80000, 0x0000000800000000)
  eden space 97792K, 100% used [0x0000000780000000,0x0000000785f80000,0x0000000785f80000)
  from space 13824K, 6% used [0x0000000786f00000,0x0000000786fe0000,0x0000000787c80000)
  to   space 14848K, 0% used [0x0000000785f80000,0x0000000785f80000,0x0000000786e00000)
 ParOldGen       total 167936K, used 58849K [0x0000000680000000, 0x000000068a400000, 0x0000000780000000)
  object space 167936K, 35% used [0x0000000680000000,0x0000000683978648,0x000000068a400000)
 Metaspace       used 45820K, committed 47232K, reserved 917504K
  class space    used 6418K, committed 7104K, reserved 851968K
}
Event: 12.453 GC heap after
{Heap after GC invocations=27 (full 2):
 PSYoungGen      total 96256K, used 1009K [0x0000000780000000, 0x0000000787800000, 0x0000000800000000)
  eden space 95232K, 0% used [0x0000000780000000,0x0000000780000000,0x0000000785d00000)
  from space 1024K, 98% used [0x0000000785f80000,0x000000078607c5d0,0x0000000786080000)
  to   space 13824K, 0% used [0x0000000786a80000,0x0000000786a80000,0x0000000787800000)
 ParOldGen       total 167936K, used 59569K [0x0000000680000000, 0x000000068a400000, 0x0000000780000000)
  object space 167936K, 35% used [0x0000000680000000,0x0000000683a2c648,0x000000068a400000)
 Metaspace       used 45820K, committed 47232K, reserved 917504K
  class space    used 6418K, committed 7104K, reserved 851968K
}
Event: 12.873 GC heap before
{Heap before GC invocations=28 (full 2):
 PSYoungGen      total 96256K, used 96241K [0x0000000780000000, 0x0000000787800000, 0x0000000800000000)
  eden space 95232K, 100% used [0x0000000780000000,0x0000000785d00000,0x0000000785d00000)
  from space 1024K, 98% used [0x0000000785f80000,0x000000078607c5d0,0x0000000786080000)
  to   space 13824K, 0% used [0x0000000786a80000,0x0000000786a80000,0x0000000787800000)
 ParOldGen       total 167936K, used 59569K [0x0000000680000000, 0x000000068a400000, 0x0000000780000000)
  object space 167936K, 35% used [0x0000000680000000,0x0000000683a2c648,0x000000068a400000)
 Metaspace       used 45999K, committed 47424K, reserved 917504K
  class space    used 6448K, committed 7168K, reserved 851968K
}
Event: 12.875 GC heap after
{Heap after GC invocations=28 (full 2):
 PSYoungGen      total 102912K, used 1764K [0x0000000780000000, 0x0000000787480000, 0x0000000800000000)
  eden space 92672K, 0% used [0x0000000780000000,0x0000000780000000,0x0000000785a80000)
  from space 10240K, 17% used [0x0000000786a80000,0x0000000786c39278,0x0000000787480000)
  to   space 13312K, 0% used [0x0000000785a80000,0x0000000785a80000,0x0000000786780000)
 ParOldGen       total 167936K, used 59849K [0x0000000680000000, 0x000000068a400000, 0x0000000780000000)
  object space 167936K, 35% used [0x0000000680000000,0x0000000683a72648,0x000000068a400000)
 Metaspace       used 45999K, committed 47424K, reserved 917504K
  class space    used 6448K, committed 7168K, reserved 851968K
}
Event: 13.019 GC heap before
{Heap before GC invocations=29 (full 2):
 PSYoungGen      total 102912K, used 94436K [0x0000000780000000, 0x0000000787480000, 0x0000000800000000)
  eden space 92672K, 100% used [0x0000000780000000,0x0000000785a80000,0x0000000785a80000)
  from space 10240K, 17% used [0x0000000786a80000,0x0000000786c39278,0x0000000787480000)
  to   space 13312K, 0% used [0x0000000785a80000,0x0000000785a80000,0x0000000786780000)
 ParOldGen       total 167936K, used 59849K [0x0000000680000000, 0x000000068a400000, 0x0000000780000000)
  object space 167936K, 35% used [0x0000000680000000,0x0000000683a72648,0x000000068a400000)
 Metaspace       used 45999K, committed 47424K, reserved 917504K
  class space    used 6448K, committed 7168K, reserved 851968K
}
Event: 13.021 GC heap after
{Heap after GC invocations=29 (full 2):
 PSYoungGen      total 92160K, used 1874K [0x0000000780000000, 0x0000000787000000, 0x0000000800000000)
  eden space 90112K, 0% used [0x0000000780000000,0x0000000780000000,0x0000000785800000)
  from space 2048K, 91% used [0x0000000785a80000,0x0000000785c54970,0x0000000785c80000)
  to   space 12288K, 0% used [0x0000000786400000,0x0000000786400000,0x0000000787000000)
 ParOldGen       total 167936K, used 61497K [0x0000000680000000, 0x000000068a400000, 0x0000000780000000)
  object space 167936K, 36% used [0x0000000680000000,0x0000000683c0e668,0x000000068a400000)
 Metaspace       used 45999K, committed 47424K, reserved 917504K
  class space    used 6448K, committed 7168K, reserved 851968K
}
Event: 13.345 GC heap before
{Heap before GC invocations=30 (full 2):
 PSYoungGen      total 92160K, used 91986K [0x0000000780000000, 0x0000000787000000, 0x0000000800000000)
  eden space 90112K, 100% used [0x0000000780000000,0x0000000785800000,0x0000000785800000)
  from space 2048K, 91% used [0x0000000785a80000,0x0000000785c54970,0x0000000785c80000)
  to   space 12288K, 0% used [0x0000000786400000,0x0000000786400000,0x0000000787000000)
 ParOldGen       total 167936K, used 61497K [0x0000000680000000, 0x000000068a400000, 0x0000000780000000)
  object space 167936K, 36% used [0x0000000680000000,0x0000000683c0e668,0x000000068a400000)
 Metaspace       used 46258K, committed 47680K, reserved 917504K
  class space    used 6457K, committed 7168K, reserved 851968K
}
Event: 13.350 GC heap after
{Heap after GC invocations=30 (full 2):
 PSYoungGen      total 103424K, used 2880K [0x0000000780000000, 0x0000000788880000, 0x0000000800000000)
  eden space 91136K, 0% used [0x0000000780000000,0x0000000780000000,0x0000000785900000)
  from space 12288K, 23% used [0x0000000786400000,0x00000007866d0020,0x0000000787000000)
  to   space 11264K, 0% used [0x0000000785900000,0x0000000785900000,0x0000000786400000)
 ParOldGen       total 167936K, used 63339K [0x0000000680000000, 0x000000068a400000, 0x0000000780000000)
  object space 167936K, 37% used [0x0000000680000000,0x0000000683ddafd8,0x000000068a400000)
 Metaspace       used 46258K, committed 47680K, reserved 917504K
  class space    used 6457K, committed 7168K, reserved 851968K
}
Event: 13.595 GC heap before
{Heap before GC invocations=31 (full 2):
 PSYoungGen      total 103424K, used 94016K [0x0000000780000000, 0x0000000788880000, 0x0000000800000000)
  eden space 91136K, 100% used [0x0000000780000000,0x0000000785900000,0x0000000785900000)
  from space 12288K, 23% used [0x0000000786400000,0x00000007866d0020,0x0000000787000000)
  to   space 11264K, 0% used [0x0000000785900000,0x0000000785900000,0x0000000786400000)
 ParOldGen       total 167936K, used 63339K [0x0000000680000000, 0x000000068a400000, 0x0000000780000000)
  object space 167936K, 37% used [0x0000000680000000,0x0000000683ddafd8,0x000000068a400000)
 Metaspace       used 46445K, committed 47808K, reserved 917504K
  class space    used 6485K, committed 7168K, reserved 851968K
}
Event: 13.599 GC heap after
{Heap after GC invocations=31 (full 2):
 PSYoungGen      total 102400K, used 6174K [0x0000000780000000, 0x0000000788b00000, 0x0000000800000000)
  eden space 91136K, 0% used [0x0000000780000000,0x0000000780000000,0x0000000785900000)
  from space 11264K, 54% used [0x0000000785900000,0x0000000785f07800,0x0000000786400000)
  to   space 11776K, 0% used [0x0000000787f80000,0x0000000787f80000,0x0000000788b00000)
 ParOldGen       total 167936K, used 65382K [0x0000000680000000, 0x000000068a400000, 0x0000000780000000)
  object space 167936K, 38% used [0x0000000680000000,0x0000000683fd9990,0x000000068a400000)
 Metaspace       used 46445K, committed 47808K, reserved 917504K
  class space    used 6485K, committed 7168K, reserved 851968K
}
Event: 13.715 GC heap before
{Heap before GC invocations=32 (full 2):
 PSYoungGen      total 102400K, used 97310K [0x0000000780000000, 0x0000000788b00000, 0x0000000800000000)
  eden space 91136K, 100% used [0x0000000780000000,0x0000000785900000,0x0000000785900000)
  from space 11264K, 54% used [0x0000000785900000,0x0000000785f07800,0x0000000786400000)
  to   space 11776K, 0% used [0x0000000787f80000,0x0000000787f80000,0x0000000788b00000)
 ParOldGen       total 167936K, used 65382K [0x0000000680000000, 0x000000068a400000, 0x0000000780000000)
  object space 167936K, 38% used [0x0000000680000000,0x0000000683fd9990,0x000000068a400000)
 Metaspace       used 46447K, committed 47808K, reserved 917504K
  class space    used 6485K, committed 7168K, reserved 851968K
}
Event: 13.719 GC heap after
{Heap after GC invocations=32 (full 2):
 PSYoungGen      total 129536K, used 768K [0x0000000780000000, 0x0000000788a00000, 0x0000000800000000)
  eden space 118784K, 0% used [0x0000000780000000,0x0000000780000000,0x0000000787400000)
  from space 10752K, 7% used [0x0000000787f80000,0x0000000788040000,0x0000000788a00000)
  to   space 11264K, 0% used [0x0000000787400000,0x0000000787400000,0x0000000787f00000)
 ParOldGen       total 167936K, used 71089K [0x0000000680000000, 0x000000068a400000, 0x0000000780000000)
  object space 167936K, 42% used [0x0000000680000000,0x000000068456c480,0x000000068a400000)
 Metaspace       used 46447K, committed 47808K, reserved 917504K
  class space    used 6485K, committed 7168K, reserved 851968K
}
Event: 13.896 GC heap before
{Heap before GC invocations=33 (full 2):
 PSYoungGen      total 129536K, used 119551K [0x0000000780000000, 0x0000000788a00000, 0x0000000800000000)
  eden space 118784K, 99% used [0x0000000780000000,0x00000007873ffff8,0x0000000787400000)
  from space 10752K, 7% used [0x0000000787f80000,0x0000000788040000,0x0000000788a00000)
  to   space 11264K, 0% used [0x0000000787400000,0x0000000787400000,0x0000000787f00000)
 ParOldGen       total 167936K, used 71089K [0x0000000680000000, 0x000000068a400000, 0x0000000780000000)
  object space 167936K, 42% used [0x0000000680000000,0x000000068456c480,0x000000068a400000)
 Metaspace       used 46450K, committed 47808K, reserved 917504K
  class space    used 6485K, committed 7168K, reserved 851968K
}
Event: 13.897 GC heap after
{Heap after GC invocations=33 (full 2):
 PSYoungGen      total 130048K, used 1072K [0x0000000780000000, 0x000000078ac00000, 0x0000000800000000)
  eden space 118784K, 0% used [0x0000000780000000,0x0000000780000000,0x0000000787400000)
  from space 11264K, 9% used [0x0000000787400000,0x000000078750c010,0x0000000787f00000)
  to   space 10752K, 0% used [0x000000078a180000,0x000000078a180000,0x000000078ac00000)
 ParOldGen       total 167936K, used 71589K [0x0000000680000000, 0x000000068a400000, 0x0000000780000000)
  object space 167936K, 42% used [0x0000000680000000,0x00000006845e9490,0x000000068a400000)
 Metaspace       used 46450K, committed 47808K, reserved 917504K
  class space    used 6485K, committed 7168K, reserved 851968K
}

Dll operation events (15 events):
Event: 0.013 Loaded shared library C:\Program Files\Java\jdk-21\bin\java.dll
Event: 0.041 Loaded shared library C:\Program Files\Java\jdk-21\bin\jsvml.dll
Event: 0.084 Loaded shared library C:\Program Files\Java\jdk-21\bin\zip.dll
Event: 0.089 Loaded shared library C:\Program Files\Java\jdk-21\bin\instrument.dll
Event: 0.095 Loaded shared library C:\Program Files\Java\jdk-21\bin\net.dll
Event: 0.098 Loaded shared library C:\Program Files\Java\jdk-21\bin\nio.dll
Event: 0.102 Loaded shared library C:\Program Files\Java\jdk-21\bin\zip.dll
Event: 0.326 Loaded shared library C:\Program Files\Java\jdk-21\bin\jimage.dll
Event: 0.394 Loaded shared library C:\Program Files\Java\jdk-21\bin\verify.dll
Event: 0.544 Loaded shared library C:\Users\USER\.gradle\native\68d5fa5c4cc2d200863cafc0d521ce42e7d3e7ee720ec0a83991735586a16f82\windows-amd64\native-platform.dll
Event: 0.564 Loaded shared library C:\Users\USER\.gradle\native\e376f236ea51e6404a007f0833ffe2c6e607c4080706a723a18a27aeea778392\windows-amd64\native-platform-file-events.dll
Event: 1.405 Loaded shared library C:\Program Files\Java\jdk-21\bin\management.dll
Event: 1.410 Loaded shared library C:\Program Files\Java\jdk-21\bin\management_ext.dll
Event: 1.672 Loaded shared library C:\Program Files\Java\jdk-21\bin\extnet.dll
Event: 1.798 Loaded shared library C:\Program Files\Java\jdk-21\bin\sunmscapi.dll

Deoptimization events (20 events):
Event: 14.017 Thread 0x000002046617e5e0 DEOPT PACKING pc=0x000002040b860560 sp=0x0000002adb6fe510
Event: 14.017 Thread 0x000002046617e5e0 DEOPT UNPACKING pc=0x0000020411f64242 sp=0x0000002adb6fdc20 mode 0
Event: 14.019 Thread 0x000002046617e5e0 DEOPT PACKING pc=0x000002040b860560 sp=0x0000002adb6fe510
Event: 14.019 Thread 0x000002046617e5e0 DEOPT UNPACKING pc=0x0000020411f64242 sp=0x0000002adb6fdc20 mode 0
Event: 14.021 Thread 0x000002046617e5e0 DEOPT PACKING pc=0x000002040b860560 sp=0x0000002adb6fe510
Event: 14.021 Thread 0x000002046617e5e0 DEOPT UNPACKING pc=0x0000020411f64242 sp=0x0000002adb6fdc20 mode 0
Event: 14.024 Thread 0x000002046617e5e0 DEOPT PACKING pc=0x000002040b860ba2 sp=0x0000002adb6fe510
Event: 14.024 Thread 0x000002046617e5e0 DEOPT UNPACKING pc=0x0000020411f64242 sp=0x0000002adb6fdc20 mode 0
Event: 14.027 Thread 0x000002046617e5e0 DEOPT PACKING pc=0x000002040b860560 sp=0x0000002adb6fe510
Event: 14.027 Thread 0x000002046617e5e0 DEOPT UNPACKING pc=0x0000020411f64242 sp=0x0000002adb6fdc20 mode 0
Event: 14.030 Thread 0x000002046617e5e0 DEOPT PACKING pc=0x000002040b860560 sp=0x0000002adb6fe510
Event: 14.030 Thread 0x000002046617e5e0 DEOPT UNPACKING pc=0x0000020411f64242 sp=0x0000002adb6fdc20 mode 0
Event: 14.033 Thread 0x000002046617e5e0 DEOPT PACKING pc=0x000002040b860ba2 sp=0x0000002adb6fe510
Event: 14.033 Thread 0x000002046617e5e0 DEOPT UNPACKING pc=0x0000020411f64242 sp=0x0000002adb6fdc20 mode 0
Event: 14.035 Thread 0x000002046617e5e0 DEOPT PACKING pc=0x000002040b861408 sp=0x0000002adb6fe510
Event: 14.035 Thread 0x000002046617e5e0 DEOPT UNPACKING pc=0x0000020411f64242 sp=0x0000002adb6fdc20 mode 0
Event: 14.040 Thread 0x000002046617e5e0 DEOPT PACKING pc=0x000002040b860560 sp=0x0000002adb6fe510
Event: 14.040 Thread 0x000002046617e5e0 DEOPT UNPACKING pc=0x0000020411f64242 sp=0x0000002adb6fdc20 mode 0
Event: 14.045 Thread 0x000002046617e5e0 DEOPT PACKING pc=0x000002040b861408 sp=0x0000002adb6fe510
Event: 14.045 Thread 0x000002046617e5e0 DEOPT UNPACKING pc=0x0000020411f64242 sp=0x0000002adb6fdc20 mode 0

Classes loaded (20 events):
Event: 8.680 Loading class java/util/zip/ZipFile$ZipEntryIterator
Event: 8.680 Loading class java/util/zip/ZipFile$ZipEntryIterator done
Event: 8.686 Loading class java/security/Key
Event: 8.686 Loading class java/security/Key done
Event: 9.046 Loading class java/lang/foreign/MemorySegment
Event: 9.047 Loading class java/lang/foreign/MemorySegment done
Event: 11.778 Loading class java/util/concurrent/LinkedBlockingDeque$Itr
Event: 11.816 Loading class java/util/concurrent/LinkedBlockingDeque$AbstractItr
Event: 11.816 Loading class java/util/concurrent/LinkedBlockingDeque$AbstractItr done
Event: 11.816 Loading class java/util/concurrent/LinkedBlockingDeque$Itr done
Event: 12.626 Loading class java/util/HashMap$EntrySpliterator
Event: 12.627 Loading class java/util/HashMap$EntrySpliterator done
Event: 12.627 Loading class java/util/stream/SortedOps$OfRef
Event: 12.627 Loading class java/util/stream/ReferencePipeline$StatefulOp
Event: 12.628 Loading class java/util/stream/ReferencePipeline$StatefulOp done
Event: 12.628 Loading class java/util/stream/SortedOps$OfRef done
Event: 12.628 Loading class java/util/stream/SortedOps$RefSortingSink
Event: 12.628 Loading class java/util/stream/SortedOps$AbstractRefSortingSink
Event: 12.628 Loading class java/util/stream/SortedOps$AbstractRefSortingSink done
Event: 12.628 Loading class java/util/stream/SortedOps$RefSortingSink done

Classes unloaded (0 events):
No events

Classes redefined (0 events):
No events

Internal exceptions (20 events):
Event: 13.518 Thread 0x000002046462a6e0 Exception <a 'java/lang/ClassNotFoundException'{0x0000000782ee2cd8}: ijInit1_2l42ij0m6akgsjmkikp9iz06h$_run_closure1Customizer> (0x0000000782ee2cd8) 
thrown [s\open\src\hotspot\share\classfile\systemDictionary.cpp, line 312]
Event: 13.534 Thread 0x000002046462e880 Exception <a 'sun/nio/fs/WindowsException'{0x000000078309e410}> (0x000000078309e410) 
thrown [s\open\src\hotspot\share\prims\jni.cpp, line 520]
Event: 13.535 Thread 0x000002046617b160 Exception <a 'sun/nio/fs/WindowsException'{0x0000000783281278}> (0x0000000783281278) 
thrown [s\open\src\hotspot\share\prims\jni.cpp, line 520]
Event: 13.536 Thread 0x000002046617cba0 Exception <a 'sun/nio/fs/WindowsException'{0x0000000783117108}> (0x0000000783117108) 
thrown [s\open\src\hotspot\share\prims\jni.cpp, line 520]
Event: 13.537 Thread 0x000002046617ec70 Exception <a 'sun/nio/fs/WindowsException'{0x0000000783023ee0}> (0x0000000783023ee0) 
thrown [s\open\src\hotspot\share\prims\jni.cpp, line 520]
Event: 13.539 Thread 0x000002046617e5e0 Exception <a 'sun/nio/fs/WindowsException'{0x0000000783155770}> (0x0000000783155770) 
thrown [s\open\src\hotspot\share\prims\jni.cpp, line 520]
Event: 13.541 Thread 0x000002046462db60 Exception <a 'sun/nio/fs/WindowsException'{0x0000000783049c80}> (0x0000000783049c80) 
thrown [s\open\src\hotspot\share\prims\jni.cpp, line 520]
Event: 13.558 Thread 0x000002046617b160 Exception <a 'sun/nio/fs/WindowsException'{0x000000078385f5e0}> (0x000000078385f5e0) 
thrown [s\open\src\hotspot\share\prims\jni.cpp, line 520]
Event: 13.561 Thread 0x000002046617cba0 Exception <a 'sun/nio/fs/WindowsException'{0x0000000783f37880}> (0x0000000783f37880) 
thrown [s\open\src\hotspot\share\prims\jni.cpp, line 520]
Event: 13.562 Thread 0x000002046617b160 Exception <a 'sun/nio/fs/WindowsException'{0x000000078385f780}> (0x000000078385f780) 
thrown [s\open\src\hotspot\share\prims\jni.cpp, line 520]
Event: 13.562 Thread 0x000002046617aad0 Exception <a 'sun/nio/fs/WindowsException'{0x00000007830e9e28}> (0x00000007830e9e28) 
thrown [s\open\src\hotspot\share\prims\jni.cpp, line 520]
Event: 13.562 Thread 0x000002046617cba0 Exception <a 'sun/nio/fs/WindowsException'{0x0000000783f37a48}> (0x0000000783f37a48) 
thrown [s\open\src\hotspot\share\prims\jni.cpp, line 520]
Event: 13.563 Thread 0x000002046462db60 Exception <a 'sun/nio/fs/WindowsException'{0x00000007843b1778}> (0x00000007843b1778) 
thrown [s\open\src\hotspot\share\prims\jni.cpp, line 520]
Event: 13.566 Thread 0x000002046462db60 Exception <a 'sun/nio/fs/WindowsException'{0x00000007843b1920}> (0x00000007843b1920) 
thrown [s\open\src\hotspot\share\prims\jni.cpp, line 520]
Event: 13.660 Thread 0x000002046617aad0 Exception <a 'sun/nio/fs/WindowsException'{0x0000000782e53120}> (0x0000000782e53120) 
thrown [s\open\src\hotspot\share\prims\jni.cpp, line 520]
Event: 13.661 Thread 0x000002046617aad0 Exception <a 'sun/nio/fs/WindowsException'{0x0000000782e532e8}> (0x0000000782e532e8) 
thrown [s\open\src\hotspot\share\prims\jni.cpp, line 520]
Event: 13.725 Thread 0x000002046462e880 Exception <a 'sun/nio/fs/WindowsException'{0x0000000780528b10}> (0x0000000780528b10) 
thrown [s\open\src\hotspot\share\prims\jni.cpp, line 520]
Event: 13.725 Thread 0x000002046462e880 Exception <a 'sun/nio/fs/WindowsException'{0x0000000780528c80}> (0x0000000780528c80) 
thrown [s\open\src\hotspot\share\prims\jni.cpp, line 520]
Event: 14.002 Thread 0x000002046617ec70 Exception <a 'sun/nio/fs/WindowsException'{0x0000000784cf9118}> (0x0000000784cf9118) 
thrown [s\open\src\hotspot\share\prims\jni.cpp, line 520]
Event: 14.003 Thread 0x000002046617ec70 Exception <a 'sun/nio/fs/WindowsException'{0x0000000784cf92c0}> (0x0000000784cf92c0) 
thrown [s\open\src\hotspot\share\prims\jni.cpp, line 520]

ZGC Phase Switch (0 events):
No events

VM Operations (20 events):
Event: 12.451 Executing VM operation: ParallelGCFailedAllocation (Allocation Failure)
Event: 12.453 Executing VM operation: ParallelGCFailedAllocation (Allocation Failure) done
Event: 12.626 Executing VM operation: HandshakeAllThreads (Deoptimize)
Event: 12.626 Executing VM operation: HandshakeAllThreads (Deoptimize) done
Event: 12.663 Executing VM operation: HandshakeAllThreads (Deoptimize)
Event: 12.663 Executing VM operation: HandshakeAllThreads (Deoptimize) done
Event: 12.873 Executing VM operation: ParallelGCFailedAllocation (Allocation Failure)
Event: 12.875 Executing VM operation: ParallelGCFailedAllocation (Allocation Failure) done
Event: 13.019 Executing VM operation: ParallelGCFailedAllocation (Allocation Failure)
Event: 13.021 Executing VM operation: ParallelGCFailedAllocation (Allocation Failure) done
Event: 13.195 Executing VM operation: ICBufferFull
Event: 13.195 Executing VM operation: ICBufferFull done
Event: 13.345 Executing VM operation: ParallelGCFailedAllocation (Allocation Failure)
Event: 13.350 Executing VM operation: ParallelGCFailedAllocation (Allocation Failure) done
Event: 13.595 Executing VM operation: ParallelGCFailedAllocation (Allocation Failure)
Event: 13.599 Executing VM operation: ParallelGCFailedAllocation (Allocation Failure) done
Event: 13.714 Executing VM operation: ParallelGCFailedAllocation (Allocation Failure)
Event: 13.719 Executing VM operation: ParallelGCFailedAllocation (Allocation Failure) done
Event: 13.896 Executing VM operation: ParallelGCFailedAllocation (Allocation Failure)
Event: 13.897 Executing VM operation: ParallelGCFailedAllocation (Allocation Failure) done

Events (20 events):
Event: 7.161 Thread 0x000002040051eaa0 flushing nmethod 0x00000204124d8310
Event: 7.161 Thread 0x000002040051eaa0 flushing nmethod 0x00000204124d6410
Event: 7.161 Thread 0x000002040051eaa0 flushing nmethod 0x00000204124d4010
Event: 7.161 Thread 0x000002040051eaa0 flushing nmethod 0x00000204124d2410
Event: 7.161 Thread 0x000002040051eaa0 flushing nmethod 0x00000204124d1410
Event: 7.161 Thread 0x000002040051eaa0 flushing nmethod 0x00000204124cf910
Event: 7.161 Thread 0x000002040051eaa0 flushing nmethod 0x00000204124cea90
Event: 7.161 Thread 0x000002040051eaa0 flushing nmethod 0x00000204124c0590
Event: 7.161 Thread 0x000002040051eaa0 flushing nmethod 0x00000204124bfe90
Event: 7.161 Thread 0x000002040051eaa0 flushing nmethod 0x00000204124bf590
Event: 7.161 Thread 0x000002040051eaa0 flushing nmethod 0x00000204124bd510
Event: 7.161 Thread 0x000002040051eaa0 flushing nmethod 0x00000204124b9910
Event: 12.364 Thread 0x0000020465f006b0 Thread exited: 0x0000020465f006b0
Event: 12.384 Thread 0x00000204653bce70 Thread exited: 0x00000204653bce70
Event: 12.404 Thread 0x0000020465f006b0 Thread added: 0x0000020465f006b0
Event: 12.429 Thread 0x00000204653bce70 Thread added: 0x00000204653bce70
Event: 12.617 Thread 0x00000204653bce70 Thread exited: 0x00000204653bce70
Event: 12.622 Thread 0x0000020465f006b0 Thread exited: 0x0000020465f006b0
Event: 12.658 Thread 0x000002046506e0b0 Thread added: 0x000002046506e0b0
Event: 12.660 Thread 0x00000204653bce70 Thread added: 0x00000204653bce70


Dynamic libraries:
0x00007ff7c7ef0000 - 0x00007ff7c7f00000 	C:\Program Files\Java\jdk-21\bin\java.exe
0x00007fff28650000 - 0x00007fff28867000 	C:\WINDOWS\SYSTEM32\ntdll.dll
0x00007fff27210000 - 0x00007fff272d4000 	C:\WINDOWS\System32\KERNEL32.DLL
0x00007fff25b10000 - 0x00007fff25eb5000 	C:\WINDOWS\System32\KERNELBASE.dll
0x00007fff259f0000 - 0x00007fff25b01000 	C:\WINDOWS\System32\ucrtbase.dll
0x00007ffef5120000 - 0x00007ffef513b000 	C:\Program Files\Java\jdk-21\bin\VCRUNTIME140.dll
0x00007ffef5100000 - 0x00007ffef5119000 	C:\Program Files\Java\jdk-21\bin\jli.dll
0x00007fff27b10000 - 0x00007fff27bc1000 	C:\WINDOWS\System32\ADVAPI32.dll
0x00007fff27a60000 - 0x00007fff27b07000 	C:\WINDOWS\System32\msvcrt.dll
0x00007fff28300000 - 0x00007fff283a6000 	C:\WINDOWS\System32\sechost.dll
0x00007fff27c60000 - 0x00007fff27d77000 	C:\WINDOWS\System32\RPCRT4.dll
0x00007fff272e0000 - 0x00007fff2748e000 	C:\WINDOWS\System32\USER32.dll
0x00007fff24b90000 - 0x00007fff24e23000 	C:\WINDOWS\WinSxS\amd64_microsoft.windows.common-controls_6595b64144ccf1df_6.0.22621.2506_none_270c5ae97388e100\COMCTL32.dll
0x00007fff259c0000 - 0x00007fff259e6000 	C:\WINDOWS\System32\win32u.dll
0x00007fff271e0000 - 0x00007fff27209000 	C:\WINDOWS\System32\GDI32.dll
0x00007fff26280000 - 0x00007fff26399000 	C:\WINDOWS\System32\gdi32full.dll
0x00007fff1df10000 - 0x00007fff1df1a000 	C:\WINDOWS\SYSTEM32\VERSION.dll
0x00007fff25f80000 - 0x00007fff2601a000 	C:\WINDOWS\System32\msvcp_win.dll
0x00007fff28540000 - 0x00007fff28571000 	C:\WINDOWS\System32\IMM32.DLL
0x00007ffef50f0000 - 0x00007ffef50fc000 	C:\Program Files\Java\jdk-21\bin\vcruntime140_1.dll
0x00007ffea4d20000 - 0x00007ffea4dae000 	C:\Program Files\Java\jdk-21\bin\msvcp140.dll
0x00007ffea4000000 - 0x00007ffea4d15000 	C:\Program Files\Java\jdk-21\bin\server\jvm.dll
0x00007fff28590000 - 0x00007fff28601000 	C:\WINDOWS\System32\WS2_32.dll
0x00007fff252e0000 - 0x00007fff2532d000 	C:\WINDOWS\SYSTEM32\POWRPROF.dll
0x00007fff1da50000 - 0x00007fff1da84000 	C:\WINDOWS\SYSTEM32\WINMM.dll
0x00007fff24fa0000 - 0x00007fff24fb3000 	C:\WINDOWS\SYSTEM32\UMPDC.dll
0x00007fff242d0000 - 0x00007fff242e8000 	C:\WINDOWS\SYSTEM32\kernel.appcore.dll
0x00007ffef50e0000 - 0x00007ffef50ea000 	C:\Program Files\Java\jdk-21\bin\jimage.dll
0x00007fff25330000 - 0x00007fff25563000 	C:\WINDOWS\SYSTEM32\DBGHELP.DLL
0x00007fff26da0000 - 0x00007fff27129000 	C:\WINDOWS\System32\combase.dll
0x00007fff276e0000 - 0x00007fff277b7000 	C:\WINDOWS\System32\OLEAUT32.dll
0x00007fff251a0000 - 0x00007fff251d2000 	C:\WINDOWS\SYSTEM32\dbgcore.DLL
0x00007fff26200000 - 0x00007fff2627a000 	C:\WINDOWS\System32\bcryptPrimitives.dll
0x00007ffef50d0000 - 0x00007ffef50df000 	C:\Program Files\Java\jdk-21\bin\instrument.dll
0x00007ffef50b0000 - 0x00007ffef50cf000 	C:\Program Files\Java\jdk-21\bin\java.dll
0x00007fff263a0000 - 0x00007fff26bf9000 	C:\WINDOWS\System32\SHELL32.dll
0x00007fff231c0000 - 0x00007fff23ab4000 	C:\WINDOWS\SYSTEM32\windows.storage.dll
0x00007fff23080000 - 0x00007fff231be000 	C:\WINDOWS\SYSTEM32\wintypes.dll
0x00007fff283d0000 - 0x00007fff284c3000 	C:\WINDOWS\System32\SHCORE.dll
0x00007fff277c0000 - 0x00007fff2781e000 	C:\WINDOWS\System32\shlwapi.dll
0x00007fff258f0000 - 0x00007fff25916000 	C:\WINDOWS\SYSTEM32\profapi.dll
0x00007ffea3f20000 - 0x00007ffea3ff7000 	C:\Program Files\Java\jdk-21\bin\jsvml.dll
0x00007ffef4f70000 - 0x00007ffef4f88000 	C:\Program Files\Java\jdk-21\bin\zip.dll
0x00007ffef4f60000 - 0x00007ffef4f70000 	C:\Program Files\Java\jdk-21\bin\net.dll
0x00007fff1ed60000 - 0x00007fff1ee97000 	C:\WINDOWS\SYSTEM32\WINHTTP.dll
0x00007fff248c0000 - 0x00007fff24929000 	C:\WINDOWS\system32\mswsock.dll
0x00007ffef4f40000 - 0x00007ffef4f56000 	C:\Program Files\Java\jdk-21\bin\nio.dll
0x00007ffec6be0000 - 0x00007ffec6bf0000 	C:\Program Files\Java\jdk-21\bin\verify.dll
0x00007ffef5140000 - 0x00007ffef5167000 	C:\Users\USER\.gradle\native\68d5fa5c4cc2d200863cafc0d521ce42e7d3e7ee720ec0a83991735586a16f82\windows-amd64\native-platform.dll
0x00007ffea3db0000 - 0x00007ffea3ef4000 	C:\Users\USER\.gradle\native\e376f236ea51e6404a007f0833ffe2c6e607c4080706a723a18a27aeea778392\windows-amd64\native-platform-file-events.dll
0x00007ffeac120000 - 0x00007ffeac12a000 	C:\Program Files\Java\jdk-21\bin\management.dll
0x00007ffeac0b0000 - 0x00007ffeac0bb000 	C:\Program Files\Java\jdk-21\bin\management_ext.dll
0x00007fff284d0000 - 0x00007fff284d8000 	C:\WINDOWS\System32\PSAPI.DLL
0x00007fff25660000 - 0x00007fff2567b000 	C:\WINDOWS\SYSTEM32\CRYPTSP.dll
0x00007fff24230000 - 0x00007fff24265000 	C:\WINDOWS\system32\rsaenh.dll
0x00007fff249b0000 - 0x00007fff249dc000 	C:\WINDOWS\SYSTEM32\USERENV.dll
0x00007fff251e0000 - 0x00007fff25208000 	C:\WINDOWS\SYSTEM32\bcrypt.dll
0x00007fff249e0000 - 0x00007fff249ec000 	C:\WINDOWS\SYSTEM32\CRYPTBASE.dll
0x00007fff23d20000 - 0x00007fff23d4d000 	C:\WINDOWS\SYSTEM32\IPHLPAPI.DLL
0x00007fff27820000 - 0x00007fff27829000 	C:\WINDOWS\System32\NSI.dll
0x00007ffea3da0000 - 0x00007ffea3da7000 	C:\Program Files\Java\jdk-21\bin\extnet.dll
0x00007ffea3d90000 - 0x00007ffea3d9e000 	C:\Program Files\Java\jdk-21\bin\sunmscapi.dll
0x00007fff26020000 - 0x00007fff26186000 	C:\WINDOWS\System32\CRYPT32.dll
0x00007fff24e70000 - 0x00007fff24e9d000 	C:\WINDOWS\SYSTEM32\ncrypt.dll
0x00007fff24e30000 - 0x00007fff24e67000 	C:\WINDOWS\SYSTEM32\NTASN1.dll
0x00007ffeb6f20000 - 0x00007ffeb6f28000 	C:\WINDOWS\system32\wshunix.dll
0x00007fff252a0000 - 0x00007fff252d4000 	C:\WINDOWS\SYSTEM32\ntmarta.dll

dbghelp: loaded successfully - version: 4.0.5 - missing functions: none
symbol engine: initialized successfully - sym options: 0x614 - pdb path: .;C:\Program Files\Java\jdk-21\bin;C:\WINDOWS\SYSTEM32;C:\WINDOWS\WinSxS\amd64_microsoft.windows.common-controls_6595b64144ccf1df_6.0.22621.2506_none_270c5ae97388e100;C:\Program Files\Java\jdk-21\bin\server;C:\Users\USER\.gradle\native\68d5fa5c4cc2d200863cafc0d521ce42e7d3e7ee720ec0a83991735586a16f82\windows-amd64;C:\Users\USER\.gradle\native\e376f236ea51e6404a007f0833ffe2c6e607c4080706a723a18a27aeea778392\windows-amd64

VM Arguments:
jvm_args: -XX:+HeapDumpOnOutOfMemoryError -XX:+UseParallelGC -XX:MaxMetaspaceSize=1g --add-opens=java.base/java.util=ALL-UNNAMED --add-opens=java.base/java.lang=ALL-UNNAMED --add-opens=java.base/java.lang.invoke=ALL-UNNAMED --add-opens=java.prefs/java.util.prefs=ALL-UNNAMED --add-opens=java.base/java.nio.charset=ALL-UNNAMED --add-opens=java.base/java.net=ALL-UNNAMED --add-opens=java.base/java.util.concurrent.atomic=ALL-UNNAMED -Xmx6g -Dfile.encoding=UTF-8 -Duser.country=US -Duser.language=en -Duser.variant -javaagent:C:\Users\USER\.gradle\wrapper\dists\gradle-8.2-bin\bbg7u40eoinfdyxsxr3z4i7ta\gradle-8.2\lib\agents\gradle-instrumentation-agent-8.2.jar 
java_command: org.gradle.launcher.daemon.bootstrap.GradleDaemon 8.2
java_class_path (initial): C:\Users\USER\.gradle\wrapper\dists\gradle-8.2-bin\bbg7u40eoinfdyxsxr3z4i7ta\gradle-8.2\lib\gradle-launcher-8.2.jar
Launcher Type: SUN_STANDARD

[Global flags]
     intx CICompilerCount                          = 4                                         {product} {ergonomic}
   size_t CompressedClassSpaceSize                 = 872415232                                 {product} {ergonomic}
     bool HeapDumpOnOutOfMemoryError               = true                                   {manageable} {command line}
   size_t InitialHeapSize                          = 257949696                                 {product} {ergonomic}
   size_t MaxHeapSize                              = 6442450944                                {product} {command line}
   size_t MaxMetaspaceSize                         = 1073741824                                {product} {command line}
   size_t MaxNewSize                               = 2147483648                                {product} {ergonomic}
   size_t MinHeapDeltaBytes                        = 524288                                    {product} {ergonomic}
   size_t MinHeapSize                              = 8388608                                   {product} {ergonomic}
   size_t NewSize                                  = 85983232                                  {product} {ergonomic}
    uintx NonNMethodCodeHeapSize                   = 5839372                                {pd product} {ergonomic}
    uintx NonProfiledCodeHeapSize                  = 122909434                              {pd product} {ergonomic}
   size_t OldSize                                  = 171966464                                 {product} {ergonomic}
    uintx ProfiledCodeHeapSize                     = 122909434                              {pd product} {ergonomic}
    uintx ReservedCodeCacheSize                    = 251658240                              {pd product} {ergonomic}
     bool SegmentedCodeCache                       = true                                      {product} {ergonomic}
   size_t SoftMaxHeapSize                          = 6442450944                             {manageable} {ergonomic}
     bool UseCompressedOops                        = true                           {product lp64_product} {ergonomic}
     bool UseLargePagesIndividualAllocation        = false                                  {pd product} {ergonomic}
     bool UseParallelGC                            = true                                      {product} {command line}

Logging:
Log output configuration:
 #0: stdout all=warning uptime,level,tags foldmultilines=false
 #1: stderr all=off uptime,level,tags foldmultilines=false

Environment Variables:
JAVA_HOME=C:\Program Files\Java\jdk-21
PATH=C:\Program Files\Common Files\Oracle\Java\javapath;C:\Windows\System32;C:\Program Files\Java\jdk-17.0.1\bin;C:\WINDOWS\System32\WindowsPowerShell\v1.0;C:\Program Files\Git\bin;C:\Program Files\Git\cmd;PATH;C:\Program Files\nodejs\;C:\Program Files\Gradle\gradle-7.4.2\bin;;C:\WINDOWS\system32;C:\WINDOWS;C:\WINDOWS\System32\Wbem;C:\WINDOWS\System32\WindowsPowerShell\v1.0\;C:\WINDOWS\System32\OpenSSH\;C:\Windows\System32;C:\Users\USER\AppData\Local\Programs\Python\Python310\Scripts\;C:\Users\USER\AppData\Local\Programs\Python\Python310\;C:\Users\USER\AppData\Local\Microsoft\WindowsApps;C:\Users\USER\AppData\Local\Programs\Microsoft VS Code\bin;C:\Users\USER\AppData\Roaming\npm;D:\applications\flutter_windows_2.10.4-stable\flutter\bin;C:\Program Files\Git\bin;C:\Program Files\Git\cmd;;C:\Program Files\JetBrains\IntelliJ IDEA Community Edition 2022.1.2\bin;
USERNAME=USER
OS=Windows_NT
PROCESSOR_IDENTIFIER=AMD64 Family 23 Model 104 Stepping 1, AuthenticAMD
TMP=C:\Users\USER\AppData\Local\Temp
TEMP=C:\Users\USER\AppData\Local\Temp




Periodic native trim disabled

---------------  S Y S T E M  ---------------

OS:
 Windows 11 , 64 bit Build 22621 (10.0.22621.2506)
OS uptime: 0 days 0:04 hours
Hyper-V role detected

CPU: total 12 (initial active 12) (12 cores per cpu, 2 threads per core) family 23 model 104 stepping 1 microcode 0x0, cx8, cmov, fxsr, ht, mmx, 3dnowpref, sse, sse2, sse3, ssse3, sse4a, sse4.1, sse4.2, popcnt, lzcnt, tsc, tscinvbit, avx, avx2, aes, clmul, bmi1, bmi2, adx, sha, fma, vzeroupper, clflush, clflushopt, hv, rdtscp, rdpid, f16c
Processor Information for processor 0
  Max Mhz: 2100, Current Mhz: 2100, Mhz Limit: 2100
Processor Information for processor 1
  Max Mhz: 2100, Current Mhz: 2100, Mhz Limit: 2100
Processor Information for processor 2
  Max Mhz: 2100, Current Mhz: 2100, Mhz Limit: 2100
Processor Information for processor 3
  Max Mhz: 2100, Current Mhz: 2100, Mhz Limit: 2100
Processor Information for processor 4
  Max Mhz: 2100, Current Mhz: 2100, Mhz Limit: 2100
Processor Information for processor 5
  Max Mhz: 2100, Current Mhz: 1813, Mhz Limit: 2100
Processor Information for processor 6
  Max Mhz: 2100, Current Mhz: 1813, Mhz Limit: 2100
Processor Information for processor 7
  Max Mhz: 2100, Current Mhz: 1813, Mhz Limit: 2100
Processor Information for processor 8
  Max Mhz: 2100, Current Mhz: 1813, Mhz Limit: 2100
Processor Information for processor 9
  Max Mhz: 2100, Current Mhz: 1813, Mhz Limit: 2100
Processor Information for processor 10
  Max Mhz: 2100, Current Mhz: 1813, Mhz Limit: 2100
Processor Information for processor 11
  Max Mhz: 2100, Current Mhz: 1813, Mhz Limit: 2100

Memory: 4k page, system-wide physical 15733M (9109M free)
TotalPageFile size 29045M (AvailPageFile size 22060M)
current process WorkingSet (physical memory assigned to process): 398M, peak: 398M
current process commit charge ("private bytes"): 771M, peak: 771M

vm_info: Java HotSpot(TM) 64-Bit Server VM (21.0.1+12-LTS-29) for windows-amd64 JRE (21.0.1+12-LTS-29), built on 2023-10-05T13:27:09Z by "mach5one" with MS VC++ 17.1 (VS2022)

END.
